<?xml version="1.0" encoding="UTF-8"?>
<testng-results ignored="0" total="1" passed="1" failed="0" skipped="0">
  <reporter-output>
  </reporter-output>
  <suite started-at="2020-11-14T20:26:17 EST" name="Default suite" finished-at="2020-11-14T20:26:29 EST" duration-ms="11862">
    <groups>
    </groups>
    <test started-at="2020-11-14T20:26:17 EST" name="Default test" finished-at="2020-11-14T20:26:29 EST" duration-ms="11862">
      <class name="testcases.CostcocaHomepageValidation">
        <test-method is-config="true" signature="openBrowser()[pri:0, instance:testcases.CostcocaHomepageValidation@23f7d05d]" started-at="2020-11-14T20:26:17 EST" name="openBrowser" finished-at="2020-11-14T20:26:24 EST" duration-ms="6442" status="PASS">
          <reporter-output>
          </reporter-output>
        </test-method> <!-- openBrowser -->
        <test-method signature="CostcocaHompageValidation()[pri:0, instance:testcases.CostcocaHomepageValidation@23f7d05d]" started-at="2020-11-14T20:26:24 EST" name="CostcocaHompageValidation" finished-at="2020-11-14T20:26:29 EST" duration-ms="5336" status="PASS">
          <reporter-output>
          </reporter-output>
        </test-method> <!-- CostcocaHompageValidation -->
        <test-method is-config="true" signature="closeBrowser()[pri:0, instance:testcases.CostcocaHomepageValidation@23f7d05d]" started-at="2020-11-14T20:26:29 EST" name="closeBrowser" finished-at="2020-11-14T20:26:29 EST" duration-ms="0" status="PASS">
          <reporter-output>
          </reporter-output>
        </test-method> <!-- closeBrowser -->
      </class> <!-- testcases.CostcocaHomepageValidation -->
    </test> <!-- Default test -->
  </suite> <!-- Default suite -->
</testng-results>
